<?xml version="1.0" encoding="UTF-8"?>
<!-- Generated by org.testng.reporters.JUnitXMLReporter -->
<testsuite hostname="Potatos-Mac" ignored="40" name="Run devices 2" tests="1" failures="0" timestamp="2020-12-08T03:03:19 WIB" time="63.585" errors="0">
  <testcase name="F_004" time="47.696" classname="TestCases.ScheduleTest"/>
  <testcase name="F_002" time="0.0" classname="TestCases.ScheduleTest">
    <ignored/>
  </testcase> <!-- F_002 -->
  <testcase name="B_002" time="0.0" classname="TestCases.TopNavigationTest">
    <ignored/>
  </testcase> <!-- B_002 -->
  <testcase name="@BeforeSuite a_SetUpAppium" time="0.0" classname="BaseSetting.BaseSetting">
    <ignored/>
  </testcase> <!-- @BeforeSuite a_SetUpAppium -->
  <testcase name="@BeforeSuite a_SetUpAppium" time="0.0" classname="BaseSetting.BaseSetting">
    <ignored/>
  </testcase> <!-- @BeforeSuite a_SetUpAppium -->
  <testcase name="@BeforeSuite a_SetUpAppium" time="0.0" classname="BaseSetting.BaseSetting">
    <ignored/>
  </testcase> <!-- @BeforeSuite a_SetUpAppium -->
  <testcase name="@BeforeSuite a_SetUpAppium" time="0.0" classname="BaseSetting.BaseSetting">
    <ignored/>
  </testcase> <!-- @BeforeSuite a_SetUpAppium -->
  <testcase name="@BeforeSuite a_SetUpAppium" time="0.0" classname="BaseSetting.BaseSetting">
    <ignored/>
  </testcase> <!-- @BeforeSuite a_SetUpAppium -->
  <testcase name="B_003" time="0.0" classname="TestCases.TopNavigationTest">
    <ignored/>
  </testcase> <!-- B_003 -->
  <testcase name="B_004" time="0.0" classname="TestCases.TopNavigationTest">
    <ignored/>
  </testcase> <!-- B_004 -->
  <testcase name="B_001" time="0.0" classname="TestCases.TopNavigationTest">
    <ignored/>
  </testcase> <!-- B_001 -->
  <testcase name="E_004" time="0.0" classname="TestCases.SideMenuTest">
    <ignored/>
  </testcase> <!-- E_004 -->
  <testcase name="E_008" time="0.0" classname="TestCases.SideMenuTest">
    <ignored/>
  </testcase> <!-- E_008 -->
  <testcase name="A_001" time="0.0" classname="TestCases.LaunchWebTest">
    <ignored/>
  </testcase> <!-- A_001 -->
  <testcase name="D_002" time="0.0" classname="TestCases.SearchTest">
    <ignored/>
  </testcase> <!-- D_002 -->
  <testcase name="E_003" time="0.0" classname="TestCases.SideMenuTest">
    <ignored/>
  </testcase> <!-- E_003 -->
  <testcase name="D_001" time="0.0" classname="TestCases.SearchTest">
    <ignored/>
  </testcase> <!-- D_001 -->
  <testcase name="E_002" time="0.0" classname="TestCases.SideMenuTest">
    <ignored/>
  </testcase> <!-- E_002 -->
  <testcase name="E_005" time="0.0" classname="TestCases.SideMenuTest">
    <ignored/>
  </testcase> <!-- E_005 -->
  <testcase name="E_006" time="0.0" classname="TestCases.SideMenuTest">
    <ignored/>
  </testcase> <!-- E_006 -->
  <testcase name="E_009" time="0.0" classname="TestCases.SideMenuTest">
    <ignored/>
  </testcase> <!-- E_009 -->
  <testcase name="D_004" time="0.0" classname="TestCases.SearchTest">
    <ignored/>
  </testcase> <!-- D_004 -->
  <testcase name="@AfterSuite quitDriver" time="0.0" classname="BaseSetting.BaseSetting">
    <ignored/>
  </testcase> <!-- @AfterSuite quitDriver -->
  <testcase name="@AfterSuite quitDriver" time="0.0" classname="BaseSetting.BaseSetting">
    <ignored/>
  </testcase> <!-- @AfterSuite quitDriver -->
  <testcase name="@AfterSuite quitDriver" time="0.0" classname="BaseSetting.BaseSetting">
    <ignored/>
  </testcase> <!-- @AfterSuite quitDriver -->
  <testcase name="@AfterSuite quitDriver" time="0.0" classname="BaseSetting.BaseSetting">
    <ignored/>
  </testcase> <!-- @AfterSuite quitDriver -->
  <testcase name="@AfterSuite quitDriver" time="0.0" classname="BaseSetting.BaseSetting">
    <ignored/>
  </testcase> <!-- @AfterSuite quitDriver -->
  <testcase name="C_004" time="0.0" classname="TestCases.HomePageTest">
    <ignored/>
  </testcase> <!-- C_004 -->
  <testcase name="D_003" time="0.0" classname="TestCases.SearchTest">
    <ignored/>
  </testcase> <!-- D_003 -->
  <testcase name="C_007" time="0.0" classname="TestCases.HomePageTest">
    <ignored/>
  </testcase> <!-- C_007 -->
  <testcase name="C_005" time="0.0" classname="TestCases.HomePageTest">
    <ignored/>
  </testcase> <!-- C_005 -->
  <testcase name="C_009" time="0.0" classname="TestCases.HomePageTest">
    <ignored/>
  </testcase> <!-- C_009 -->
  <testcase name="F_001" time="0.0" classname="TestCases.ScheduleTest">
    <ignored/>
  </testcase> <!-- F_001 -->
  <testcase name="F_003" time="0.0" classname="TestCases.ScheduleTest">
    <ignored/>
  </testcase> <!-- F_003 -->
  <testcase name="@BeforeSuite deleteScreenShot" time="0.0" classname="BaseSetting.BaseSetting">
    <ignored/>
  </testcase> <!-- @BeforeSuite deleteScreenShot -->
  <testcase name="@BeforeSuite deleteScreenShot" time="0.0" classname="BaseSetting.BaseSetting">
    <ignored/>
  </testcase> <!-- @BeforeSuite deleteScreenShot -->
  <testcase name="@BeforeSuite deleteScreenShot" time="0.0" classname="BaseSetting.BaseSetting">
    <ignored/>
  </testcase> <!-- @BeforeSuite deleteScreenShot -->
  <testcase name="@BeforeSuite deleteScreenShot" time="0.0" classname="BaseSetting.BaseSetting">
    <ignored/>
  </testcase> <!-- @BeforeSuite deleteScreenShot -->
  <testcase name="@BeforeSuite deleteScreenShot" time="0.0" classname="BaseSetting.BaseSetting">
    <ignored/>
  </testcase> <!-- @BeforeSuite deleteScreenShot -->
  <testcase name="C_006" time="0.0" classname="TestCases.HomePageTest">
    <ignored/>
  </testcase> <!-- C_006 -->
  <testcase name="C_001" time="0.0" classname="TestCases.HomePageTest">
    <ignored/>
  </testcase> <!-- C_001 -->
</testsuite> <!-- Run devices 2 -->
