<?xml version="1.0" encoding="UTF-8"?>
<!-- Generated by org.testng.reporters.JUnitXMLReporter -->
<testsuite hostname="Potatos-Mac" ignored="10" name="Run devices 2" tests="3" failures="2" timestamp="2020-12-06T13:14:44 WIB" time="69.597" errors="0">
  <testcase name="A_001" time="0.145" classname="TestCases.LaunchWebTest">
    <failure type="java.lang.AssertionError" message="URL is found did not expect to find [true] but found [false]">
      <![CDATA[java.lang.AssertionError: URL is found did not expect to find [true] but found [false]
at TestCases.LaunchWebTest.A_001(LaunchWebTest.java:25)
at java.util.ArrayList.forEach(ArrayList.java:1259)
... Removed 30 stack frames]]>
    </failure>
  </testcase> <!-- A_001 -->
  <testcase name="B_001" time="30.214" classname="TestCases.TopNavigationTest">
    <failure type="java.lang.AssertionError" message="The following asserts failed:
	text hello guest is not exist did not expect to find [true] but found [false],
	Logout button should not be exist, but its exist did not expect to find [true] but found [false]">
      <![CDATA[java.lang.AssertionError: The following asserts failed:
text hello guest is not exist did not expect to find [true] but found [false],
Logout button should not be exist, but its exist did not expect to find [true] but found [false]
at TestCases.TopNavigationTest.B_001(TopNavigationTest.java:45)
at java.util.ArrayList.forEach(ArrayList.java:1259)
... Removed 29 stack frames]]>
    </failure>
  </testcase> <!-- B_001 -->
  <testcase name="C_001" time="20.717" classname="TestCases.HomePageTest"/>
  <testcase name="C_004" time="0.0" classname="TestCases.HomePageTest">
    <ignored/>
  </testcase> <!-- C_004 -->
  <testcase name="B_002" time="0.0" classname="TestCases.TopNavigationTest">
    <ignored/>
  </testcase> <!-- B_002 -->
  <testcase name="@BeforeSuite deleteScreenShot" time="0.0" classname="BaseSetting.BaseSetting">
    <ignored/>
  </testcase> <!-- @BeforeSuite deleteScreenShot -->
  <testcase name="@BeforeSuite deleteScreenShot" time="0.0" classname="BaseSetting.BaseSetting">
    <ignored/>
  </testcase> <!-- @BeforeSuite deleteScreenShot -->
  <testcase name="@BeforeSuite a_SetUpAppium" time="0.0" classname="BaseSetting.BaseSetting">
    <ignored/>
  </testcase> <!-- @BeforeSuite a_SetUpAppium -->
  <testcase name="@BeforeSuite a_SetUpAppium" time="0.0" classname="BaseSetting.BaseSetting">
    <ignored/>
  </testcase> <!-- @BeforeSuite a_SetUpAppium -->
  <testcase name="B_003" time="0.0" classname="TestCases.TopNavigationTest">
    <ignored/>
  </testcase> <!-- B_003 -->
  <testcase name="B_004" time="0.0" classname="TestCases.TopNavigationTest">
    <ignored/>
  </testcase> <!-- B_004 -->
  <testcase name="@AfterSuite quitDriver" time="0.0" classname="BaseSetting.BaseSetting">
    <ignored/>
  </testcase> <!-- @AfterSuite quitDriver -->
  <testcase name="@AfterSuite quitDriver" time="0.0" classname="BaseSetting.BaseSetting">
    <ignored/>
  </testcase> <!-- @AfterSuite quitDriver -->
</testsuite> <!-- Run devices 2 -->
