<?xml version="1.0" encoding="UTF-8"?>
<!-- Generated by org.testng.reporters.JUnitXMLReporter -->
<testsuite hostname="Potatos-Mac" ignored="12" name="Run devices 2" tests="55" failures="0" timestamp="2020-12-06T11:15:47 WIB" time="0.461" errors="0">
  <testcase name="@BeforeSuite a_SetUpAppium" time="7.108" classname="BaseSetting.BaseSetting">
    <failure type="org.openqa.selenium.WebDriverException" message="An unknown server-side error occurred while processing the command. Original error: &amp;apos;appPackage&amp;apos; option is required
Build info: version: &amp;apos;3.141.59&amp;apos;, revision: &amp;apos;e82be7d358&amp;apos;, time: &amp;apos;2018-11-14T08:17:03&amp;apos;
System info: host: &amp;apos;Potatos-Mac&amp;apos;, ip: &amp;apos;fe80:0:0:0:43d:3389:bf74:843b%en0&amp;apos;, os.name: &amp;apos;Mac OS X&amp;apos;, os.arch: &amp;apos;x86_64&amp;apos;, os.version: &amp;apos;10.15.6&amp;apos;, java.version: &amp;apos;1.8.0_261&amp;apos;
Driver info: io.appium.java_client.android.AndroidDriver
Capabilities {BROWSER_NAME: Chrome, automationName: UiAutomator2, databaseEnabled: false, desired: {BROWSER_NAME: Chrome, automationName: UiAutomator2, deviceName: Galaxy A50s, newCommandTimeout: 0, noReset: true, platformName: android}, deviceApiLevel: 29, deviceManufacturer: samsung, deviceModel: SM-A507FN, deviceName: RR8M901GK6R, deviceScreenDensity: 420, deviceScreenSize: 1080x2340, deviceUDID: RR8M901GK6R, javascriptEnabled: true, locationContextEnabled: false, networkConnectionEnabled: true, newCommandTimeout: 0, noReset: true, pixelRatio: 2.625, platform: LINUX, platformName: Android, platformVersion: 10, statBarHeight: 78, takesScreenshot: true, viewportRect: {height: 2053, left: 0, top: 78, width: 1080}, warnings: {}, webStorageEnabled: false}
Session ID: b5e572ca-0892-456b-be70-7f97bf0564ef">
      <![CDATA[org.openqa.selenium.WebDriverException: An unknown server-side error occurred while processing the command. Original error: 'appPackage' option is required
Build info: version: '3.141.59', revision: 'e82be7d358', time: '2018-11-14T08:17:03'
System info: host: 'Potatos-Mac', ip: 'fe80:0:0:0:43d:3389:bf74:843b%en0', os.name: 'Mac OS X', os.arch: 'x86_64', os.version: '10.15.6', java.version: '1.8.0_261'
Driver info: io.appium.java_client.android.AndroidDriver
Capabilities {BROWSER_NAME: Chrome, automationName: UiAutomator2, databaseEnabled: false, desired: {BROWSER_NAME: Chrome, automationName: UiAutomator2, deviceName: Galaxy A50s, newCommandTimeout: 0, noReset: true, platformName: android}, deviceApiLevel: 29, deviceManufacturer: samsung, deviceModel: SM-A507FN, deviceName: RR8M901GK6R, deviceScreenDensity: 420, deviceScreenSize: 1080x2340, deviceUDID: RR8M901GK6R, javascriptEnabled: true, locationContextEnabled: false, networkConnectionEnabled: true, newCommandTimeout: 0, noReset: true, pixelRatio: 2.625, platform: LINUX, platformName: Android, platformVersion: 10, statBarHeight: 78, takesScreenshot: true, viewportRect: {height: 2053, left: 0, top: 78, width: 1080}, warnings: {}, webStorageEnabled: false}
Session ID: b5e572ca-0892-456b-be70-7f97bf0564ef
at org.openqa.selenium.remote.http.W3CHttpResponseCodec.createException(W3CHttpResponseCodec.java:187)
at org.openqa.selenium.remote.http.W3CHttpResponseCodec.decode(W3CHttpResponseCodec.java:122)
at org.openqa.selenium.remote.http.W3CHttpResponseCodec.decode(W3CHttpResponseCodec.java:49)
at org.openqa.selenium.remote.HttpCommandExecutor.execute(HttpCommandExecutor.java:158)
at io.appium.java_client.remote.AppiumCommandExecutor.execute(AppiumCommandExecutor.java:239)
at org.openqa.selenium.remote.RemoteWebDriver.execute(RemoteWebDriver.java:552)
at io.appium.java_client.DefaultGenericMobileDriver.execute(DefaultGenericMobileDriver.java:45)
at io.appium.java_client.AppiumDriver.execute(AppiumDriver.java:1)
at io.appium.java_client.android.AndroidDriver.execute(AndroidDriver.java:1)
at io.appium.java_client.InteractsWithApps.resetApp(InteractsWithApps.java:93)
at BaseSetting.BaseSetting.a_SetUpAppium(BaseSetting.java:92)
... Removed 23 stack frames]]>
    </failure>
  </testcase> <!-- @BeforeSuite a_SetUpAppium -->
  <testcase name="@BeforeSuite deleteScreenShot" time="-1.607228147141E9" classname="BaseSetting.BaseSetting">
    <skipped/>
  </testcase> <!-- @BeforeSuite deleteScreenShot -->
  <testcase name="@AfterClass resetApplicationState" time="-1.607228147211E9" classname="BaseSetting.BaseSetting">
    <skipped/>
  </testcase> <!-- @AfterClass resetApplicationState -->
  <testcase name="@AfterClass resetApplicationState" time="-1.60722814732E9" classname="BaseSetting.BaseSetting">
    <skipped/>
  </testcase> <!-- @AfterClass resetApplicationState -->
  <testcase name="@AfterClass resetApplicationState" time="-1.607228147423E9" classname="BaseSetting.BaseSetting">
    <skipped/>
  </testcase> <!-- @AfterClass resetApplicationState -->
  <testcase name="@AfterClass resetApplicationState" time="-1.607228147575E9" classname="BaseSetting.BaseSetting">
    <skipped/>
  </testcase> <!-- @AfterClass resetApplicationState -->
  <testcase name="@AfterClass resetApplicationState" time="-1.607228147604E9" classname="BaseSetting.BaseSetting">
    <skipped/>
  </testcase> <!-- @AfterClass resetApplicationState -->
  <testcase name="Authentication_01" time="0.0" classname="TestCases.AuthenticationTest">
    <skipped/>
  </testcase> <!-- Authentication_01 -->
  <testcase name="Authentication_02" time="0.0" classname="TestCases.AuthenticationTest">
    <skipped/>
  </testcase> <!-- Authentication_02 -->
  <testcase name="Authentication_03" time="0.0" classname="TestCases.AuthenticationTest">
    <skipped/>
  </testcase> <!-- Authentication_03 -->
  <testcase name="Authentication_04" time="0.0" classname="TestCases.AuthenticationTest">
    <skipped/>
  </testcase> <!-- Authentication_04 -->
  <testcase name="login" time="0.0" classname="TestCases.PlanTest">
    <skipped/>
  </testcase> <!-- login -->
  <testcase name="Plan_01" time="0.0" classname="TestCases.PlanTest">
    <skipped/>
  </testcase> <!-- Plan_01 -->
  <testcase name="Plan_02" time="0.0" classname="TestCases.PlanTest">
    <skipped/>
  </testcase> <!-- Plan_02 -->
  <testcase name="Plan_03" time="0.0" classname="TestCases.PlanTest">
    <skipped/>
  </testcase> <!-- Plan_03 -->
  <testcase name="Plan_05" time="0.0" classname="TestCases.PlanTest">
    <skipped/>
  </testcase> <!-- Plan_05 -->
  <testcase name="Plan_06" time="0.0" classname="TestCases.PlanTest">
    <skipped/>
  </testcase> <!-- Plan_06 -->
  <testcase name="Plan_07" time="0.0" classname="TestCases.PlanTest">
    <skipped/>
  </testcase> <!-- Plan_07 -->
  <testcase name="Plan_08" time="0.0" classname="TestCases.PlanTest">
    <skipped/>
  </testcase> <!-- Plan_08 -->
  <testcase name="Plan_09" time="0.0" classname="TestCases.PlanTest">
    <skipped/>
  </testcase> <!-- Plan_09 -->
  <testcase name="Plan_10" time="0.0" classname="TestCases.PlanTest">
    <skipped/>
  </testcase> <!-- Plan_10 -->
  <testcase name="Plan_12" time="0.0" classname="TestCases.PlanTest">
    <skipped/>
  </testcase> <!-- Plan_12 -->
  <testcase name="login" time="0.0" classname="TestCases.PrayerTest">
    <skipped/>
  </testcase> <!-- login -->
  <testcase name="Prayer_01" time="0.0" classname="TestCases.PrayerTest">
    <skipped/>
  </testcase> <!-- Prayer_01 -->
  <testcase name="Prayer_02" time="0.0" classname="TestCases.PrayerTest">
    <skipped/>
  </testcase> <!-- Prayer_02 -->
  <testcase name="Prayer_03" time="0.0" classname="TestCases.PrayerTest">
    <skipped/>
  </testcase> <!-- Prayer_03 -->
  <testcase name="Prayer_04" time="0.0" classname="TestCases.PrayerTest">
    <skipped/>
  </testcase> <!-- Prayer_04 -->
  <testcase name="Prayer_05" time="0.0" classname="TestCases.PrayerTest">
    <skipped/>
  </testcase> <!-- Prayer_05 -->
  <testcase name="Prayer_06" time="0.0" classname="TestCases.PrayerTest">
    <skipped/>
  </testcase> <!-- Prayer_06 -->
  <testcase name="Prayer_07" time="0.0" classname="TestCases.PrayerTest">
    <skipped/>
  </testcase> <!-- Prayer_07 -->
  <testcase name="Prayer_08" time="0.0" classname="TestCases.PrayerTest">
    <skipped/>
  </testcase> <!-- Prayer_08 -->
  <testcase name="Prayer_09" time="0.0" classname="TestCases.PrayerTest">
    <skipped/>
  </testcase> <!-- Prayer_09 -->
  <testcase name="Prayer_10" time="0.0" classname="TestCases.PrayerTest">
    <skipped/>
  </testcase> <!-- Prayer_10 -->
  <testcase name="login" time="0.0" classname="TestCases.MoreTest">
    <skipped/>
  </testcase> <!-- login -->
  <testcase name="More_01" time="0.0" classname="TestCases.MoreTest">
    <skipped/>
  </testcase> <!-- More_01 -->
  <testcase name="More_02" time="0.0" classname="TestCases.MoreTest">
    <skipped/>
  </testcase> <!-- More_02 -->
  <testcase name="More_03" time="0.0" classname="TestCases.MoreTest">
    <skipped/>
  </testcase> <!-- More_03 -->
  <testcase name="More_04" time="0.0" classname="TestCases.MoreTest">
    <skipped/>
  </testcase> <!-- More_04 -->
  <testcase name="More_05" time="0.0" classname="TestCases.MoreTest">
    <skipped/>
  </testcase> <!-- More_05 -->
  <testcase name="More_06" time="0.0" classname="TestCases.MoreTest">
    <skipped/>
  </testcase> <!-- More_06 -->
  <testcase name="More_07" time="0.0" classname="TestCases.MoreTest">
    <skipped/>
  </testcase> <!-- More_07 -->
  <testcase name="More_08" time="0.0" classname="TestCases.MoreTest">
    <skipped/>
  </testcase> <!-- More_08 -->
  <testcase name="More_09" time="0.0" classname="TestCases.MoreTest">
    <skipped/>
  </testcase> <!-- More_09 -->
  <testcase name="More_10" time="0.0" classname="TestCases.MoreTest">
    <skipped/>
  </testcase> <!-- More_10 -->
  <testcase name="More_11" time="0.0" classname="TestCases.MoreTest">
    <skipped/>
  </testcase> <!-- More_11 -->
  <testcase name="More_12" time="0.0" classname="TestCases.MoreTest">
    <skipped/>
  </testcase> <!-- More_12 -->
  <testcase name="More_13" time="0.0" classname="TestCases.MoreTest">
    <skipped/>
  </testcase> <!-- More_13 -->
  <testcase name="More_14" time="0.0" classname="TestCases.MoreTest">
    <skipped/>
  </testcase> <!-- More_14 -->
  <testcase name="More_15" time="0.0" classname="TestCases.MoreTest">
    <skipped/>
  </testcase> <!-- More_15 -->
  <testcase name="More_16" time="0.0" classname="TestCases.MoreTest">
    <skipped/>
  </testcase> <!-- More_16 -->
  <testcase name="More_17" time="0.0" classname="TestCases.MoreTest">
    <skipped/>
  </testcase> <!-- More_17 -->
  <testcase name="More_18" time="0.0" classname="TestCases.MoreTest">
    <skipped/>
  </testcase> <!-- More_18 -->
  <testcase name="More_19" time="0.0" classname="TestCases.MoreTest">
    <skipped/>
  </testcase> <!-- More_19 -->
  <testcase name="More_20" time="0.0" classname="TestCases.MoreTest">
    <skipped/>
  </testcase> <!-- More_20 -->
  <testcase name="login" time="0.0" classname="TestCases.ProfileTest">
    <skipped/>
  </testcase> <!-- login -->
  <testcase name="Profile_01" time="0.0" classname="TestCases.ProfileTest">
    <skipped/>
  </testcase> <!-- Profile_01 -->
  <testcase name="Profile_02" time="0.0" classname="TestCases.ProfileTest">
    <skipped/>
  </testcase> <!-- Profile_02 -->
  <testcase name="Profile_03" time="0.0" classname="TestCases.ProfileTest">
    <skipped/>
  </testcase> <!-- Profile_03 -->
  <testcase name="Profile_04" time="0.0" classname="TestCases.ProfileTest">
    <skipped/>
  </testcase> <!-- Profile_04 -->
  <testcase name="Profile_05" time="0.0" classname="TestCases.ProfileTest">
    <skipped/>
  </testcase> <!-- Profile_05 -->
  <testcase name="Profile_06" time="0.0" classname="TestCases.ProfileTest">
    <skipped/>
  </testcase> <!-- Profile_06 -->
  <testcase name="Profile_07" time="0.0" classname="TestCases.ProfileTest">
    <skipped/>
  </testcase> <!-- Profile_07 -->
  <testcase name="@BeforeSuite deleteScreenShot" time="0.0" classname="BaseSetting.BaseSetting">
    <ignored/>
  </testcase> <!-- @BeforeSuite deleteScreenShot -->
  <testcase name="@BeforeSuite deleteScreenShot" time="0.0" classname="BaseSetting.BaseSetting">
    <ignored/>
  </testcase> <!-- @BeforeSuite deleteScreenShot -->
  <testcase name="@BeforeSuite deleteScreenShot" time="0.0" classname="BaseSetting.BaseSetting">
    <ignored/>
  </testcase> <!-- @BeforeSuite deleteScreenShot -->
  <testcase name="@BeforeSuite deleteScreenShot" time="0.0" classname="BaseSetting.BaseSetting">
    <ignored/>
  </testcase> <!-- @BeforeSuite deleteScreenShot -->
  <testcase name="@BeforeSuite a_SetUpAppium" time="0.0" classname="BaseSetting.BaseSetting">
    <ignored/>
  </testcase> <!-- @BeforeSuite a_SetUpAppium -->
  <testcase name="@BeforeSuite a_SetUpAppium" time="0.0" classname="BaseSetting.BaseSetting">
    <ignored/>
  </testcase> <!-- @BeforeSuite a_SetUpAppium -->
  <testcase name="@BeforeSuite a_SetUpAppium" time="0.0" classname="BaseSetting.BaseSetting">
    <ignored/>
  </testcase> <!-- @BeforeSuite a_SetUpAppium -->
  <testcase name="@BeforeSuite a_SetUpAppium" time="0.0" classname="BaseSetting.BaseSetting">
    <ignored/>
  </testcase> <!-- @BeforeSuite a_SetUpAppium -->
  <testcase name="@AfterSuite quitDriver" time="0.0" classname="BaseSetting.BaseSetting">
    <ignored/>
  </testcase> <!-- @AfterSuite quitDriver -->
  <testcase name="@AfterSuite quitDriver" time="0.0" classname="BaseSetting.BaseSetting">
    <ignored/>
  </testcase> <!-- @AfterSuite quitDriver -->
  <testcase name="@AfterSuite quitDriver" time="0.0" classname="BaseSetting.BaseSetting">
    <ignored/>
  </testcase> <!-- @AfterSuite quitDriver -->
  <testcase name="@AfterSuite quitDriver" time="0.0" classname="BaseSetting.BaseSetting">
    <ignored/>
  </testcase> <!-- @AfterSuite quitDriver -->
</testsuite> <!-- Run devices 2 -->
