<?xml version="1.0" encoding="UTF-8"?>
<!-- Generated by org.testng.reporters.JUnitXMLReporter -->
<testsuite hostname="Potatos-Mac" ignored="54" name="Run devices 2" tests="3" failures="0" timestamp="2020-12-11T13:46:50 WIB" time="93.86" errors="0">
  <testcase name="H_003" time="24.883" classname="TestCases.GameDetailTest"/>
  <testcase name="H_004" time="18.392" classname="TestCases.GameDetailTest"/>
  <testcase name="H_005" time="14.829" classname="TestCases.GameDetailTest"/>
  <testcase name="F_002" time="0.0" classname="TestCases.ScheduleTest">
    <ignored/>
  </testcase> <!-- F_002 -->
  <testcase name="E_008" time="0.0" classname="TestCases.SideMenuTest">
    <ignored/>
  </testcase> <!-- E_008 -->
  <testcase name="E_003" time="0.0" classname="TestCases.SideMenuTest">
    <ignored/>
  </testcase> <!-- E_003 -->
  <testcase name="E_002" time="0.0" classname="TestCases.SideMenuTest">
    <ignored/>
  </testcase> <!-- E_002 -->
  <testcase name="E_005" time="0.0" classname="TestCases.SideMenuTest">
    <ignored/>
  </testcase> <!-- E_005 -->
  <testcase name="E_006" time="0.0" classname="TestCases.SideMenuTest">
    <ignored/>
  </testcase> <!-- E_006 -->
  <testcase name="E_009" time="0.0" classname="TestCases.SideMenuTest">
    <ignored/>
  </testcase> <!-- E_009 -->
  <testcase name="C_004" time="0.0" classname="TestCases.HomePageTest">
    <ignored/>
  </testcase> <!-- C_004 -->
  <testcase name="C_007" time="0.0" classname="TestCases.HomePageTest">
    <ignored/>
  </testcase> <!-- C_007 -->
  <testcase name="C_005" time="0.0" classname="TestCases.HomePageTest">
    <ignored/>
  </testcase> <!-- C_005 -->
  <testcase name="C_009" time="0.0" classname="TestCases.HomePageTest">
    <ignored/>
  </testcase> <!-- C_009 -->
  <testcase name="@BeforeSuite deleteScreenShot" time="0.0" classname="BaseSetting.BaseSetting">
    <ignored/>
  </testcase> <!-- @BeforeSuite deleteScreenShot -->
  <testcase name="@BeforeSuite deleteScreenShot" time="0.0" classname="BaseSetting.BaseSetting">
    <ignored/>
  </testcase> <!-- @BeforeSuite deleteScreenShot -->
  <testcase name="@BeforeSuite deleteScreenShot" time="0.0" classname="BaseSetting.BaseSetting">
    <ignored/>
  </testcase> <!-- @BeforeSuite deleteScreenShot -->
  <testcase name="@BeforeSuite deleteScreenShot" time="0.0" classname="BaseSetting.BaseSetting">
    <ignored/>
  </testcase> <!-- @BeforeSuite deleteScreenShot -->
  <testcase name="@BeforeSuite deleteScreenShot" time="0.0" classname="BaseSetting.BaseSetting">
    <ignored/>
  </testcase> <!-- @BeforeSuite deleteScreenShot -->
  <testcase name="@BeforeSuite deleteScreenShot" time="0.0" classname="BaseSetting.BaseSetting">
    <ignored/>
  </testcase> <!-- @BeforeSuite deleteScreenShot -->
  <testcase name="@BeforeSuite deleteScreenShot" time="0.0" classname="BaseSetting.BaseSetting">
    <ignored/>
  </testcase> <!-- @BeforeSuite deleteScreenShot -->
  <testcase name="H_002" time="0.0" classname="TestCases.GameDetailTest">
    <ignored/>
  </testcase> <!-- H_002 -->
  <testcase name="C_006" time="0.0" classname="TestCases.HomePageTest">
    <ignored/>
  </testcase> <!-- C_006 -->
  <testcase name="C_001" time="0.0" classname="TestCases.HomePageTest">
    <ignored/>
  </testcase> <!-- C_001 -->
  <testcase name="H_001" time="0.0" classname="TestCases.GameDetailTest">
    <ignored/>
  </testcase> <!-- H_001 -->
  <testcase name="H_008" time="0.0" classname="TestCases.GameDetailTest">
    <ignored/>
  </testcase> <!-- H_008 -->
  <testcase name="H_007" time="0.0" classname="TestCases.GameDetailTest">
    <ignored/>
  </testcase> <!-- H_007 -->
  <testcase name="B_002" time="0.0" classname="TestCases.TopNavigationTest">
    <ignored/>
  </testcase> <!-- B_002 -->
  <testcase name="@BeforeSuite a_SetUpAppium" time="0.0" classname="BaseSetting.BaseSetting">
    <ignored/>
  </testcase> <!-- @BeforeSuite a_SetUpAppium -->
  <testcase name="@BeforeSuite a_SetUpAppium" time="0.0" classname="BaseSetting.BaseSetting">
    <ignored/>
  </testcase> <!-- @BeforeSuite a_SetUpAppium -->
  <testcase name="@BeforeSuite a_SetUpAppium" time="0.0" classname="BaseSetting.BaseSetting">
    <ignored/>
  </testcase> <!-- @BeforeSuite a_SetUpAppium -->
  <testcase name="@BeforeSuite a_SetUpAppium" time="0.0" classname="BaseSetting.BaseSetting">
    <ignored/>
  </testcase> <!-- @BeforeSuite a_SetUpAppium -->
  <testcase name="@BeforeSuite a_SetUpAppium" time="0.0" classname="BaseSetting.BaseSetting">
    <ignored/>
  </testcase> <!-- @BeforeSuite a_SetUpAppium -->
  <testcase name="@BeforeSuite a_SetUpAppium" time="0.0" classname="BaseSetting.BaseSetting">
    <ignored/>
  </testcase> <!-- @BeforeSuite a_SetUpAppium -->
  <testcase name="@BeforeSuite a_SetUpAppium" time="0.0" classname="BaseSetting.BaseSetting">
    <ignored/>
  </testcase> <!-- @BeforeSuite a_SetUpAppium -->
  <testcase name="B_003" time="0.0" classname="TestCases.TopNavigationTest">
    <ignored/>
  </testcase> <!-- B_003 -->
  <testcase name="B_004" time="0.0" classname="TestCases.TopNavigationTest">
    <ignored/>
  </testcase> <!-- B_004 -->
  <testcase name="B_001" time="0.0" classname="TestCases.TopNavigationTest">
    <ignored/>
  </testcase> <!-- B_001 -->
  <testcase name="G_003" time="0.0" classname="TestCases.WinnerListTest">
    <ignored/>
  </testcase> <!-- G_003 -->
  <testcase name="G_001" time="0.0" classname="TestCases.WinnerListTest">
    <ignored/>
  </testcase> <!-- G_001 -->
  <testcase name="G_002" time="0.0" classname="TestCases.WinnerListTest">
    <ignored/>
  </testcase> <!-- G_002 -->
  <testcase name="E_004" time="0.0" classname="TestCases.SideMenuTest">
    <ignored/>
  </testcase> <!-- E_004 -->
  <testcase name="A_001" time="0.0" classname="TestCases.LaunchWebTest">
    <ignored/>
  </testcase> <!-- A_001 -->
  <testcase name="D_002" time="0.0" classname="TestCases.SearchTest">
    <ignored/>
  </testcase> <!-- D_002 -->
  <testcase name="D_001" time="0.0" classname="TestCases.SearchTest">
    <ignored/>
  </testcase> <!-- D_001 -->
  <testcase name="D_004" time="0.0" classname="TestCases.SearchTest">
    <ignored/>
  </testcase> <!-- D_004 -->
  <testcase name="@AfterSuite quitDriver" time="0.0" classname="BaseSetting.BaseSetting">
    <ignored/>
  </testcase> <!-- @AfterSuite quitDriver -->
  <testcase name="@AfterSuite quitDriver" time="0.0" classname="BaseSetting.BaseSetting">
    <ignored/>
  </testcase> <!-- @AfterSuite quitDriver -->
  <testcase name="@AfterSuite quitDriver" time="0.0" classname="BaseSetting.BaseSetting">
    <ignored/>
  </testcase> <!-- @AfterSuite quitDriver -->
  <testcase name="@AfterSuite quitDriver" time="0.0" classname="BaseSetting.BaseSetting">
    <ignored/>
  </testcase> <!-- @AfterSuite quitDriver -->
  <testcase name="@AfterSuite quitDriver" time="0.0" classname="BaseSetting.BaseSetting">
    <ignored/>
  </testcase> <!-- @AfterSuite quitDriver -->
  <testcase name="@AfterSuite quitDriver" time="0.0" classname="BaseSetting.BaseSetting">
    <ignored/>
  </testcase> <!-- @AfterSuite quitDriver -->
  <testcase name="@AfterSuite quitDriver" time="0.0" classname="BaseSetting.BaseSetting">
    <ignored/>
  </testcase> <!-- @AfterSuite quitDriver -->
  <testcase name="D_003" time="0.0" classname="TestCases.SearchTest">
    <ignored/>
  </testcase> <!-- D_003 -->
  <testcase name="F_001" time="0.0" classname="TestCases.ScheduleTest">
    <ignored/>
  </testcase> <!-- F_001 -->
  <testcase name="F_004" time="0.0" classname="TestCases.ScheduleTest">
    <ignored/>
  </testcase> <!-- F_004 -->
  <testcase name="F_003" time="0.0" classname="TestCases.ScheduleTest">
    <ignored/>
  </testcase> <!-- F_003 -->
</testsuite> <!-- Run devices 2 -->
