<?xml version="1.0" encoding="UTF-8"?>
<testng-results skipped="0" failed="0" ignored="54" total="57" passed="3">
  <reporter-output>
  </reporter-output>
  <suite name="MySuite" duration-ms="93860" started-at="2020-12-11T13:45:16 WIB" finished-at="2020-12-11T13:46:50 WIB">
    <groups>
    </groups>
    <test name="Run devices 2" duration-ms="93860" started-at="2020-12-11T13:45:16 WIB" finished-at="2020-12-11T13:46:50 WIB">
      <class name="TestCases.GameDetailTest">
        <test-method status="PASS" signature="accessHomePage()[pri:0, instance:TestCases.GameDetailTest@11438d26]" name="accessHomePage" is-config="true" duration-ms="10613" started-at="2020-12-11T13:45:16 WIB" finished-at="2020-12-11T13:45:27 WIB">
          <reporter-output>
          </reporter-output>
        </test-method> <!-- accessHomePage -->
        <test-method status="PASS" signature="H_003()[pri:0, instance:TestCases.GameDetailTest@11438d26]" name="H_003" duration-ms="24883" started-at="2020-12-11T13:45:27 WIB" finished-at="2020-12-11T13:45:52 WIB">
          <reporter-output>
          </reporter-output>
        </test-method> <!-- H_003 -->
        <test-method status="PASS" signature="accessHomePage()[pri:0, instance:TestCases.GameDetailTest@11438d26]" name="accessHomePage" is-config="true" duration-ms="10639" started-at="2020-12-11T13:45:52 WIB" finished-at="2020-12-11T13:46:02 WIB">
          <reporter-output>
          </reporter-output>
        </test-method> <!-- accessHomePage -->
        <test-method status="PASS" signature="H_004()[pri:0, instance:TestCases.GameDetailTest@11438d26]" name="H_004" duration-ms="18392" started-at="2020-12-11T13:46:02 WIB" finished-at="2020-12-11T13:46:21 WIB">
          <reporter-output>
          </reporter-output>
        </test-method> <!-- H_004 -->
        <test-method status="PASS" signature="accessHomePage()[pri:0, instance:TestCases.GameDetailTest@11438d26]" name="accessHomePage" is-config="true" duration-ms="10554" started-at="2020-12-11T13:46:21 WIB" finished-at="2020-12-11T13:46:31 WIB">
          <reporter-output>
          </reporter-output>
        </test-method> <!-- accessHomePage -->
        <test-method status="PASS" signature="H_005()[pri:0, instance:TestCases.GameDetailTest@11438d26]" name="H_005" duration-ms="14829" started-at="2020-12-11T13:46:31 WIB" finished-at="2020-12-11T13:46:46 WIB">
          <reporter-output>
          </reporter-output>
        </test-method> <!-- H_005 -->
        <test-method status="PASS" signature="resetApplicationState()[pri:0, instance:TestCases.GameDetailTest@11438d26]" name="resetApplicationState" is-config="true" duration-ms="3915" started-at="2020-12-11T13:46:46 WIB" finished-at="2020-12-11T13:46:50 WIB">
          <reporter-output>
          </reporter-output>
        </test-method> <!-- resetApplicationState -->
      </class> <!-- TestCases.GameDetailTest -->
      <class name="TestCases.LaunchWebTest">
        <test-method status="PASS" signature="a_SetUpAppium(java.lang.String, java.lang.String, java.lang.String, java.lang.String, java.lang.String, java.lang.String)[pri:0, instance:TestCases.LaunchWebTest@458c1321]" name="a_SetUpAppium" is-config="true" duration-ms="16148" started-at="2020-12-11T13:45:00 WIB" finished-at="2020-12-11T13:45:16 WIB">
          <params>
            <param index="0">
              <value>
                <![CDATA[beta]]>
              </value>
            </param>
            <param index="1">
              <value>
                <![CDATA[sg]]>
              </value>
            </param>
            <param index="2">
              <value>
                <![CDATA[4723]]>
              </value>
            </param>
            <param index="3">
              <value>
                <![CDATA[RR8M901GK6R]]>
              </value>
            </param>
            <param index="4">
              <value>
                <![CDATA[Galaxy A50s]]>
              </value>
            </param>
            <param index="5">
              <value>
                <![CDATA[aws]]>
              </value>
            </param>
          </params>
          <reporter-output>
          </reporter-output>
        </test-method> <!-- a_SetUpAppium -->
        <test-method status="PASS" signature="deleteScreenShot()[pri:0, instance:TestCases.LaunchWebTest@458c1321]" name="deleteScreenShot" is-config="true" duration-ms="0" started-at="2020-12-11T13:45:16 WIB" finished-at="2020-12-11T13:45:16 WIB">
          <reporter-output>
          </reporter-output>
        </test-method> <!-- deleteScreenShot -->
        <test-method status="PASS" signature="quitDriver()[pri:0, instance:TestCases.LaunchWebTest@458c1321]" name="quitDriver" is-config="true" duration-ms="587" started-at="2020-12-11T13:46:50 WIB" finished-at="2020-12-11T13:46:51 WIB">
          <reporter-output>
          </reporter-output>
        </test-method> <!-- quitDriver -->
      </class> <!-- TestCases.LaunchWebTest -->
    </test> <!-- Run devices 2 -->
  </suite> <!-- MySuite -->
</testng-results>
